c:\users\33014212\desktop\31\githubversion\vs_final_ver\ict397_assignment\debug\vc120.pdb
c:\users\33014212\desktop\31\githubversion\vs_final_ver\ict397_assignment\debug\vc120.idb
c:\users\33014212\desktop\31\githubversion\vs_final_ver\ict397_assignment\debug\camera.obj
c:\users\33014212\desktop\31\githubversion\vs_final_ver\ict397_assignment\debug\control.obj
c:\users\33014212\desktop\31\githubversion\vs_final_ver\ict397_assignment\debug\gameasset.obj
c:\users\33014212\desktop\31\githubversion\vs_final_ver\ict397_assignment\debug\gamemathhelp.obj
c:\users\33014212\desktop\31\githubversion\vs_final_ver\ict397_assignment\debug\gameobject.obj
c:\users\33014212\desktop\31\githubversion\vs_final_ver\ict397_assignment\debug\gametime.obj
c:\users\33014212\desktop\31\githubversion\vs_final_ver\ict397_assignment\debug\graphics.obj
c:\users\33014212\desktop\31\githubversion\vs_final_ver\ict397_assignment\debug\main.obj
c:\users\33014212\desktop\31\githubversion\vs_final_ver\ict397_assignment\debug\mesh.obj
c:\users\33014212\desktop\31\githubversion\vs_final_ver\ict397_assignment\debug\objectloader.obj
c:\users\33014212\desktop\31\githubversion\vs_final_ver\ict397_assignment\debug\particleemmitter.obj
c:\users\33014212\desktop\31\githubversion\vs_final_ver\ict397_assignment\debug\terrain.obj
c:\users\33014212\desktop\31\githubversion\vs_final_ver\ict397_assignment\debug\texture.obj
c:\users\33014212\desktop\31\githubversion\vs_final_ver\ict397_assignment\debug\bmploader.obj
c:\users\33014212\desktop\31\githubversion\vs_final_ver\ict397_assignment\debug\imagefactory.obj
c:\users\33014212\desktop\31\githubversion\vs_final_ver\ict397_assignment\debug\multitexture.obj
c:\users\33014212\desktop\31\githubversion\vs_final_ver\ict397_assignment\debug\texturegenerator.obj
c:\users\33014212\desktop\31\githubversion\vs_final_ver\ict397_assignment\debug\texturemanager.obj
c:\users\33014212\desktop\31\githubversion\vs_final_ver\ict397_assignment\debug\tgaloader.obj
c:\users\33014212\desktop\31\githubversion\vs_final_ver\ict397_assignment\debug\world.obj
c:\users\33014212\desktop\31\githubversion\vs_final_ver\ict397_assignment\debug\luascript.obj
c:\users\33014212\desktop\31\githubversion\vs_final_ver\debug\ict397_assignment.ilk
c:\users\33014212\desktop\31\githubversion\vs_final_ver\debug\ict397_assignment.exe
c:\users\33014212\desktop\31\githubversion\vs_final_ver\debug\ict397_assignment.pdb
c:\users\33014212\desktop\31\githubversion\vs_final_ver\ict397_assignment\debug\ict397_a.3658b0d3.tlog\cl.command.1.tlog
c:\users\33014212\desktop\31\githubversion\vs_final_ver\ict397_assignment\debug\ict397_a.3658b0d3.tlog\cl.read.1.tlog
c:\users\33014212\desktop\31\githubversion\vs_final_ver\ict397_assignment\debug\ict397_a.3658b0d3.tlog\cl.write.1.tlog
c:\users\33014212\desktop\31\githubversion\vs_final_ver\ict397_assignment\debug\ict397_a.3658b0d3.tlog\link.command.1.tlog
c:\users\33014212\desktop\31\githubversion\vs_final_ver\ict397_assignment\debug\ict397_a.3658b0d3.tlog\link.read.1.tlog
c:\users\33014212\desktop\31\githubversion\vs_final_ver\ict397_assignment\debug\ict397_a.3658b0d3.tlog\link.write.1.tlog
