Build started 27/04/2017 4:55:08 PM.
     1>Project "C:\Users\32581649\Downloads\KinPan\397-Game-Engine-KinPan\ICT397_Assignment\ICT397_Assignment\ICT397_Assignment.vcxproj" on node 2 (Build target(s)).
     1>ClCompile:
         C:\Program Files (x86)\Microsoft Visual Studio 12.0\VC\bin\CL.exe /c /Iinclude/ /ZI /nologo /W3 /WX- /sdl /Od /Oy- /D _MBCS /Gm /EHsc /RTC1 /MDd /GS /fp:precise /Zc:wchar_t /Zc:forScope /Fo"Debug\\" /Fd"Debug\vc120.pdb" /Gd /TP /analyze- /errorReport:prompt Control.cpp Graphics.cpp World.cpp main.cpp
         Control.cpp
         Generating Code...
         Compiling...
         main.cpp
         World.cpp
         Graphics.cpp
     1>c:\users\32581649\downloads\kinpan\397-game-engine-kinpan\ict397_assignment\ict397_assignment\graphics.cpp(38): warning C4305: 'argument' : truncation from 'double' to 'GLclampf'
         Generating Code...
       Link:
         C:\Program Files (x86)\Microsoft Visual Studio 12.0\VC\bin\link.exe /ERRORREPORT:PROMPT /OUT:"C:\Users\32581649\Downloads\KinPan\397-Game-Engine-KinPan\ICT397_Assignment\Debug\ICT397_Assignment.exe" /INCREMENTAL /NOLOGO lib/freeglut.lib kernel32.lib user32.lib gdi32.lib winspool.lib comdlg32.lib advapi32.lib shell32.lib ole32.lib oleaut32.lib uuid.lib odbc32.lib odbccp32.lib /MANIFEST /MANIFESTUAC:"level='asInvoker' uiAccess='false'" /manifest:embed /DEBUG /PDB:"C:\Users\32581649\Downloads\KinPan\397-Game-Engine-KinPan\ICT397_Assignment\Debug\ICT397_Assignment.pdb" /TLBID:1 /DYNAMICBASE /NXCOMPAT /IMPLIB:"C:\Users\32581649\Downloads\KinPan\397-Game-Engine-KinPan\ICT397_Assignment\Debug\ICT397_Assignment.lib" /MACHINE:X86 Debug\Camera.obj
         Debug\Control.obj
         Debug\GameMathHelp.obj
         Debug\GameTime.obj
         Debug\Graphics.obj
         Debug\main.obj
         Debug\World.obj
         ICT397_Assignment.vcxproj -> C:\Users\32581649\Downloads\KinPan\397-Game-Engine-KinPan\ICT397_Assignment\Debug\ICT397_Assignment.exe
     1>Done Building Project "C:\Users\32581649\Downloads\KinPan\397-Game-Engine-KinPan\ICT397_Assignment\ICT397_Assignment\ICT397_Assignment.vcxproj" (Build target(s)).

Build succeeded.

Time Elapsed 00:00:01.74
