  Camera.cpp
  Control.cpp
  GameAsset.cpp
  GameMathHelp.cpp
  GameObject.cpp
  GameTime.cpp
  Graphics.cpp
Graphics.cpp(41): warning C4305: 'argument' : truncation from 'double' to 'GLclampf'
  main.cpp
  Mesh.cpp
  ObjectLoader.cpp
  ParticleEmmitter.cpp
ParticleEmmitter.cpp(85): warning C4244: '=' : conversion from 'double' to 'float', possible loss of data
ParticleEmmitter.cpp(86): warning C4244: '=' : conversion from 'double' to 'float', possible loss of data
ParticleEmmitter.cpp(87): warning C4244: '=' : conversion from 'double' to 'float', possible loss of data
ParticleEmmitter.cpp(103): warning C4305: '=' : truncation from 'double' to 'float'
ParticleEmmitter.cpp(118): warning C4244: '=' : conversion from 'double' to 'float', possible loss of data
ParticleEmmitter.cpp(125): warning C4244: '=' : conversion from 'double' to 'float', possible loss of data
  Texture.cpp
Texture.cpp(51): warning C4244: 'argument' : conversion from 'double' to 'GLfloat', possible loss of data
Texture.cpp(61): warning C4244: 'argument' : conversion from 'const int' to 'GLfloat', possible loss of data
Texture.cpp(63): warning C4244: 'argument' : conversion from 'const int' to 'GLfloat', possible loss of data
Texture.cpp(65): warning C4244: 'argument' : conversion from 'const int' to 'GLfloat', possible loss of data
Texture.cpp(67): warning C4244: 'argument' : conversion from 'const int' to 'GLfloat', possible loss of data
  World.cpp
World.cpp(190): warning C4244: 'argument' : conversion from 'int' to 'GLfloat', possible loss of data
World.cpp(197): warning C4244: 'argument' : conversion from 'int' to 'GLfloat', possible loss of data
World.cpp(206): warning C4244: 'argument' : conversion from 'int' to 'GLfloat', possible loss of data
World.cpp(213): warning C4244: 'argument' : conversion from 'int' to 'GLfloat', possible loss of data
World.cpp(222): warning C4244: 'argument' : conversion from 'int' to 'GLfloat', possible loss of data
World.cpp(223): warning C4305: 'argument' : truncation from 'double' to 'GLfloat'
  Generating code
  Finished generating code
  ICT397_Assignment.vcxproj -> X:\Study\Uni\Yr3_S1\ICT397 - Adv Game Design\Assignment\Ass1_final\git_clone\397-Game-Engine\VS_final_ver\Release\ICT397_Assignment.exe
